<?xml version="1.0" encoding="UTF-8"?>
<!-- Generated by org.testng.reporters.JUnitReportReporter -->
<testsuite hostname="IT9TCBC24R" failures="0" tests="1" name="testcases.TC07_Return_Back_to_Continue_Shopping" time="13.633" errors="0" timestamp="2025-01-18T15:14:13 EET" skipped="0">
  <testcase classname="testcases.TC07_Return_Back_to_Continue_Shopping" name="Continue_Shopping_P" time="13.633"/>
</testsuite> <!-- testcases.TC07_Return_Back_to_Continue_Shopping -->
