<?xml version="1.0" encoding="UTF-8"?>
<!-- Generated by org.testng.reporters.JUnitReportReporter -->
<testsuite hostname="IT9TCBC24R" failures="0" tests="1" name="testcases.TC06_Complete_checkout" time="5.473" errors="0" timestamp="2025-01-18T15:14:13 EET" skipped="0">
  <testcase classname="testcases.TC06_Complete_checkout" name="confirmationOrder_P" time="5.473"/>
</testsuite> <!-- testcases.TC06_Complete_checkout -->
