<?xml version="1.0" encoding="UTF-8"?>
<!-- Generated by org.testng.reporters.JUnitReportReporter -->
<testsuite hostname="IT9TCBC24R" failures="0" tests="1" name="testcases.TC06_Complete_checkout" time="4.812" errors="0" timestamp="2025-01-18T14:49:40 EET" skipped="0">
  <testcase classname="testcases.TC06_Complete_checkout" name="confirmationOrder_P" time="4.812"/>
</testsuite> <!-- testcases.TC06_Complete_checkout -->
